情報: launched [金 12月 15 15:07:32 JST 2023]
情報: 開く [金 12月 15 15:07:46 JST 2023]
情報: application.editor.stages.DataFlowModelingStage@5a46a21a [金 12月 15 15:07:54 JST 2023]
情報: application.editor.stages.PushPullSelectionStage@27afc363 [金 12月 15 15:07:54 JST 2023]
情報: PUSH [金 12月 15 15:09:12 JST 2023]
情報: PUSH [金 12月 15 15:09:14 JST 2023]
情報: Open popup menu [金 12月 15 15:09:20 JST 2023]
情報: Open popup menu [金 12月 15 15:09:21 JST 2023]
情報: 仲介者オブジェクトの導入 [金 12月 15 15:09:22 JST 2023]
情報: Open popup menu [金 12月 15 15:09:51 JST 2023]
情報: Open popup menu [金 12月 15 15:09:57 JST 2023]
情報: Open popup menu [金 12月 15 15:10:14 JST 2023]
情報: 仲介者オブジェクトの導入 [金 12月 15 15:10:16 JST 2023]
情報: Double clicked [金 12月 15 15:10:29 JST 2023]
情報: Selecting Control-Flow (src, dst) = (updateGPS, presenter) [金 12月 15 15:10:29 JST 2023]
情報: Open popup menu [金 12月 15 15:10:30 JST 2023]
情報: 呼び出し順の変更 [金 12月 15 15:10:32 JST 2023]
情報: Reset selection [金 12月 15 15:10:36 JST 2023]
情報: Double clicked [金 12月 15 15:11:09 JST 2023]
情報: Selecting Control-Flow (src, dst) = (mapLongitude, longitude) [金 12月 15 15:11:09 JST 2023]
情報: Open popup menu [金 12月 15 15:11:10 JST 2023]
情報: 仲介者オブジェクトへ依存 [金 12月 15 15:11:12 JST 2023]
情報: Reset selection [金 12月 15 15:11:13 JST 2023]
情報: Open popup menu [金 12月 15 15:11:15 JST 2023]
情報: PUSH [金 12月 15 15:11:37 JST 2023]
情報: PUSH [金 12月 15 15:11:47 JST 2023]
情報: Open popup menu [金 12月 15 15:11:52 JST 2023]
情報: 仲介者オブジェクトの導入 [金 12月 15 15:11:53 JST 2023]
情報: Double clicked [金 12月 15 15:12:17 JST 2023]
情報: Selecting Control-Flow (src, dst) = (updateGPS, presenter) [金 12月 15 15:12:17 JST 2023]
情報: Reset selection [金 12月 15 15:12:35 JST 2023]
情報: Open popup menu [金 12月 15 15:12:46 JST 2023]
情報: 呼び出し順の変更 [金 12月 15 15:12:48 JST 2023]
情報: Open popup menu [金 12月 15 15:13:25 JST 2023]
情報: Open popup menu [金 12月 15 15:13:55 JST 2023]
情報: 仲介者オブジェクトの導入 [金 12月 15 15:13:57 JST 2023]
情報: Open popup menu [金 12月 15 15:14:02 JST 2023]
情報: 削除 [金 12月 15 15:14:06 JST 2023]
情報: application.editor.stages.DataFlowModelingStage@5a46a21a [金 12月 15 15:14:06 JST 2023]
情報: Open popup menu [金 12月 15 15:14:11 JST 2023]
情報: 仲介者オブジェクトの導入 [金 12月 15 15:14:12 JST 2023]
情報: Open popup menu [金 12月 15 15:14:28 JST 2023]
情報: Open popup menu [金 12月 15 15:14:37 JST 2023]
情報: PUSH [金 12月 15 15:14:57 JST 2023]
情報: PUSH [金 12月 15 15:15:25 JST 2023]
情報: PUSH [金 12月 15 15:15:29 JST 2023]
情報: Open popup menu [金 12月 15 15:16:02 JST 2023]
情報: 仲介者オブジェクトの導入 [金 12月 15 15:16:03 JST 2023]
情報: Double clicked [金 12月 15 15:16:59 JST 2023]
情報: Selecting Control-Flow (src, dst) = (mapLongitude, longitude) [金 12月 15 15:16:59 JST 2023]
情報: Open popup menu [金 12月 15 15:16:59 JST 2023]
情報: Reset selection [金 12月 15 15:17:01 JST 2023]
情報: Open popup menu [金 12月 15 15:17:02 JST 2023]
情報: 呼び出し順の変更 [金 12月 15 15:17:03 JST 2023]
情報: Double clicked [金 12月 15 15:17:11 JST 2023]
情報: Selecting Control-Flow (src, dst) = (mapLongitude, longitude) [金 12月 15 15:17:11 JST 2023]
情報: Reset selection [金 12月 15 15:17:12 JST 2023]
情報: Double clicked [金 12月 15 15:17:49 JST 2023]
情報: Double clicked [金 12月 15 15:17:50 JST 2023]
情報: Double clicked [金 12月 15 15:17:53 JST 2023]
情報: Double clicked [金 12月 15 15:17:55 JST 2023]
情報: Double clicked [金 12月 15 15:17:57 JST 2023]
情報: Double clicked [金 12月 15 15:17:57 JST 2023]
情報: Double clicked [金 12月 15 15:18:13 JST 2023]
情報: Double clicked [金 12月 15 15:18:16 JST 2023]
情報: Double clicked [金 12月 15 15:18:17 JST 2023]
情報: Double clicked [金 12月 15 15:18:19 JST 2023]
情報: Double clicked [金 12月 15 15:18:24 JST 2023]
情報: Double clicked [金 12月 15 15:18:30 JST 2023]
情報: Double clicked [金 12月 15 15:18:42 JST 2023]
情報: Selecting Control-Flow (src, dst) = (mapLatitude, latitude) [金 12月 15 15:18:42 JST 2023]
情報: "presenter" wasn't able to apply to CFD [金 12月 15 15:18:47 JST 2023]
情報: Reset selection [金 12月 15 15:18:53 JST 2023]
情報: Double clicked [金 12月 15 15:18:58 JST 2023]
情報: Selecting Control-Flow (src, dst) = (mapLatitude, latitude) [金 12月 15 15:18:58 JST 2023]
情報: Reset selection [金 12月 15 15:19:08 JST 2023]
情報: Double clicked [金 12月 15 15:19:13 JST 2023]
情報: Selecting Control-Flow (src, dst) = (mapLongitude, longitude) [金 12月 15 15:19:13 JST 2023]
情報: "longitude" wasn't able to apply to CFD [金 12月 15 15:19:18 JST 2023]
情報: CFD was canceled because it was selected a control-flow [金 12月 15 15:19:19 JST 2023]
情報: Double clicked [金 12月 15 15:19:20 JST 2023]
情報: Selecting Control-Flow (src, dst) = (mapLongitude, longitude) [金 12月 15 15:19:20 JST 2023]
情報: "presenter" wasn't able to apply to CFD [金 12月 15 15:19:40 JST 2023]
情報: Reset selection [金 12月 15 15:19:41 JST 2023]
情報: Double clicked [金 12月 15 15:19:52 JST 2023]
情報: Selecting Control-Flow (src, dst) = (mapLongitude, longitude) [金 12月 15 15:19:52 JST 2023]
情報: "presenter" wasn't able to apply to CFD [金 12月 15 15:19:56 JST 2023]
情報: Reset selection [金 12月 15 15:19:56 JST 2023]
情報: 開く [金 12月 15 15:20:03 JST 2023]
情報: application.editor.stages.DataFlowModelingStage@5a46a21a [金 12月 15 15:20:11 JST 2023]
情報: application.editor.stages.PushPullSelectionStage@27afc363 [金 12月 15 15:20:11 JST 2023]
情報: PUSH [金 12月 15 15:20:16 JST 2023]
情報: PUSH [金 12月 15 15:20:18 JST 2023]
情報: Open popup menu [金 12月 15 15:20:24 JST 2023]
情報: 仲介者オブジェクトの導入 [金 12月 15 15:20:25 JST 2023]
情報: Double clicked [金 12月 15 15:20:36 JST 2023]
情報: Selecting Control-Flow (src, dst) = (presenter, longitude) [金 12月 15 15:20:36 JST 2023]
情報: Apply CFD to "updateGPS" [金 12月 15 15:20:40 JST 2023]
情報: Double clicked [金 12月 15 15:20:45 JST 2023]
情報: Selecting Control-Flow (src, dst) = (longitude, mapLongitude) [金 12月 15 15:20:45 JST 2023]
情報: CFD was canceled because it was selected a control-flow [金 12月 15 15:20:46 JST 2023]
情報: Double clicked [金 12月 15 15:20:47 JST 2023]
情報: Selecting Control-Flow (src, dst) = (updateGPS, longitude) [金 12月 15 15:20:47 JST 2023]
情報: Apply CFD to "presenter" [金 12月 15 15:20:50 JST 2023]
情報: Double clicked [金 12月 15 15:20:53 JST 2023]
情報: Selecting Control-Flow (src, dst) = (updateGPS, presenter) [金 12月 15 15:20:53 JST 2023]
情報: Reset selection [金 12月 15 15:20:55 JST 2023]
情報: Double clicked [金 12月 15 15:20:57 JST 2023]
情報: Selecting Control-Flow (src, dst) = (updateGPS, latitude) [金 12月 15 15:20:57 JST 2023]
情報: Apply CFD to "presenter" [金 12月 15 15:20:59 JST 2023]
情報: Double clicked [金 12月 15 15:21:03 JST 2023]
情報: Selecting Control-Flow (src, dst) = (longitude, mapLongitude) [金 12月 15 15:21:03 JST 2023]
情報: Reset selection [金 12月 15 15:21:06 JST 2023]
情報: Double clicked [金 12月 15 15:21:13 JST 2023]
情報: Selecting Control-Flow (src, dst) = (longitude, mapLongitude) [金 12月 15 15:21:13 JST 2023]
情報: Apply CFD to "presenter" [金 12月 15 15:21:17 JST 2023]
情報: Double clicked [金 12月 15 15:21:18 JST 2023]
情報: Selecting Control-Flow (src, dst) = (latitude, mapLatitude) [金 12月 15 15:21:18 JST 2023]
情報: Apply CFD to "presenter" [金 12月 15 15:21:21 JST 2023]
情報: Javaプロトタイプの生成 [金 12月 15 15:21:25 JST 2023]
